{
  "RSpec": {
    "coverage": {
      "/home/ggstroligo/repos/personal/challenges/nuuvem/client/config/environment.rb": {
        "lines": [
          null,
          1,
          null,
          null,
          1
        ]
      },
      "/home/ggstroligo/repos/personal/challenges/nuuvem/client/config/application.rb": {
        "lines": [
          1,
          null,
          1,
          null,
          null,
          null,
          1,
          null,
          1,
          1,
          null,
          1,
          null,
          null,
          null,
          null,
          null,
          null,
          null
        ]
      },
      "/home/ggstroligo/repos/personal/challenges/nuuvem/client/config/boot.rb": {
        "lines": [
          1,
          null,
          1,
          1
        ]
      },
      "/home/ggstroligo/repos/personal/challenges/nuuvem/client/config/environments/test.rb": {
        "lines": [
          null,
          null,
          null,
          null,
          null,
          1,
          null,
          null,
          1,
          1,
          null,
          null,
          null,
          null,
          1,
          null,
          null,
          1,
          1,
          null,
          null,
          null,
          null,
          1,
          1,
          1,
          null,
          null,
          1,
          null,
          null,
          1,
          null,
          null,
          1,
          null,
          1,
          null,
          null,
          null,
          null,
          1,
          null,
          null,
          1,
          null,
          null,
          null,
          null
        ]
      },
      "/home/ggstroligo/repos/personal/challenges/nuuvem/client/config/initializers/application_controller_renderer.rb": {
        "lines": [
          null,
          null,
          null,
          null,
          null,
          null,
          null,
          null
        ]
      },
      "/home/ggstroligo/repos/personal/challenges/nuuvem/client/config/initializers/assets.rb": {
        "lines": [
          null,
          null,
          null,
          1,
          null,
          null,
          null,
          null,
          1,
          null,
          null,
          null,
          null,
          null
        ]
      },
      "/home/ggstroligo/repos/personal/challenges/nuuvem/client/config/initializers/backtrace_silencers.rb": {
        "lines": [
          null,
          null,
          null,
          null,
          null,
          null,
          null
        ]
      },
      "/home/ggstroligo/repos/personal/challenges/nuuvem/client/config/initializers/content_security_policy.rb": {
        "lines": [
          null,
          null,
          null,
          null,
          null,
          null,
          null,
          null,
          null,
          null,
          null,
          null,
          null,
          null,
          null,
          null,
          null,
          null,
          null,
          null,
          null,
          null,
          null,
          null,
          null,
          null,
          null,
          null,
          null,
          null
        ]
      },
      "/home/ggstroligo/repos/personal/challenges/nuuvem/client/config/initializers/cookies_serializer.rb": {
        "lines": [
          null,
          null,
          null,
          null,
          1
        ]
      },
      "/home/ggstroligo/repos/personal/challenges/nuuvem/client/config/initializers/filter_parameter_logging.rb": {
        "lines": [
          null,
          null,
          null,
          1
        ]
      },
      "/home/ggstroligo/repos/personal/challenges/nuuvem/client/config/initializers/inflections.rb": {
        "lines": [
          null,
          null,
          null,
          null,
          null,
          null,
          null,
          null,
          null,
          null,
          null,
          null,
          null,
          null,
          null,
          null
        ]
      },
      "/home/ggstroligo/repos/personal/challenges/nuuvem/client/config/initializers/micro_case.rb": {
        "lines": [
          1,
          null,
          1,
          null
        ]
      },
      "/home/ggstroligo/repos/personal/challenges/nuuvem/client/config/initializers/mime_types.rb": {
        "lines": [
          null,
          null,
          null,
          null
        ]
      },
      "/home/ggstroligo/repos/personal/challenges/nuuvem/client/config/initializers/wrap_parameters.rb": {
        "lines": [
          null,
          null,
          null,
          null,
          null,
          null,
          1,
          2,
          null,
          null,
          null,
          null,
          null,
          null
        ]
      },
      "/home/ggstroligo/repos/personal/challenges/nuuvem/client/spec/factories/customers.rb": {
        "lines": [
          1,
          1,
          6,
          null,
          null
        ]
      },
      "/home/ggstroligo/repos/personal/challenges/nuuvem/client/spec/factories/merchants.rb": {
        "lines": [
          1,
          1,
          7,
          7,
          null,
          null
        ]
      },
      "/home/ggstroligo/repos/personal/challenges/nuuvem/client/spec/factories/order/items.rb": {
        "lines": [
          1,
          1,
          3,
          3,
          null,
          null
        ]
      },
      "/home/ggstroligo/repos/personal/challenges/nuuvem/client/spec/factories/orders.rb": {
        "lines": [
          1,
          1,
          5,
          5,
          null,
          null
        ]
      },
      "/home/ggstroligo/repos/personal/challenges/nuuvem/client/spec/factories/products.rb": {
        "lines": [
          1,
          1,
          7,
          6,
          6,
          null,
          null
        ]
      },
      "/home/ggstroligo/repos/personal/challenges/nuuvem/client/spec/factories/sales.rb": {
        "lines": [
          1,
          1,
          null,
          null
        ]
      },
      "/home/ggstroligo/repos/personal/challenges/nuuvem/client/config/routes.rb": {
        "lines": [
          1,
          null,
          1,
          null,
          1,
          null
        ]
      },
      "/home/ggstroligo/repos/personal/challenges/nuuvem/client/app/helpers/application_helper.rb": {
        "lines": [
          1,
          1,
          null,
          0,
          null,
          null,
          null,
          null,
          null,
          null
        ]
      },
      "/home/ggstroligo/repos/personal/challenges/nuuvem/client/app/helpers/sale_helper.rb": {
        "lines": [
          1,
          null
        ]
      },
      "/home/ggstroligo/repos/personal/challenges/nuuvem/client/app/helpers/sales_helper.rb": {
        "lines": [
          1,
          1,
          null,
          1,
          null,
          null,
          null,
          null,
          1,
          null,
          3,
          3,
          3,
          null,
          null,
          null,
          null,
          null,
          null,
          1,
          2,
          2,
          null,
          null,
          1,
          4,
          null,
          null,
          1,
          2,
          null,
          null,
          1,
          2,
          null,
          0,
          0,
          null,
          null
        ]
      },
      "/home/ggstroligo/repos/personal/challenges/nuuvem/client/spec/support/factory_bot.rb": {
        "lines": [
          1,
          1,
          null
        ]
      },
      "/home/ggstroligo/repos/personal/challenges/nuuvem/client/spec/support/database_cleaner.rb": {
        "lines": [
          1,
          1,
          1,
          null,
          null,
          1,
          38,
          null,
          null,
          1,
          38,
          null,
          null,
          1,
          38,
          null,
          null
        ]
      },
      "/home/ggstroligo/repos/personal/challenges/nuuvem/client/spec/support/constants.rb": {
        "lines": [
          1,
          1,
          null,
          1,
          1,
          1
        ]
      },
      "/home/ggstroligo/repos/personal/challenges/nuuvem/client/app/models/customer.rb": {
        "lines": [
          1,
          1,
          null,
          1,
          1,
          null
        ]
      },
      "/home/ggstroligo/repos/personal/challenges/nuuvem/client/app/models/application_record.rb": {
        "lines": [
          1,
          1,
          null
        ]
      },
      "/home/ggstroligo/repos/personal/challenges/nuuvem/client/spec/models/merchant_spec.rb": {
        "lines": [
          1,
          null,
          1,
          1,
          1,
          1,
          1,
          null,
          null,
          1,
          1,
          null,
          null,
          null,
          1,
          2,
          null,
          null
        ]
      },
      "/home/ggstroligo/repos/personal/challenges/nuuvem/client/app/models/merchant.rb": {
        "lines": [
          1,
          1,
          1,
          null,
          1,
          null,
          null
        ]
      },
      "/home/ggstroligo/repos/personal/challenges/nuuvem/client/spec/models/order/item_spec.rb": {
        "lines": [
          1,
          null,
          1,
          3,
          null,
          1,
          2,
          2,
          null,
          null
        ]
      },
      "/home/ggstroligo/repos/personal/challenges/nuuvem/client/app/models/order.rb": {
        "lines": [
          1,
          1,
          1,
          null,
          1,
          null
        ]
      },
      "/home/ggstroligo/repos/personal/challenges/nuuvem/client/app/models/order/item.rb": {
        "lines": [
          1,
          1,
          1,
          null,
          1,
          null
        ]
      },
      "/home/ggstroligo/repos/personal/challenges/nuuvem/client/spec/models/order_spec.rb": {
        "lines": [
          1,
          null,
          1,
          3,
          null,
          1,
          2,
          2,
          null,
          null
        ]
      },
      "/home/ggstroligo/repos/personal/challenges/nuuvem/client/spec/models/product_spec.rb": {
        "lines": [
          1,
          null,
          1,
          4,
          null,
          1,
          1,
          1,
          null,
          null,
          1,
          1,
          1,
          null,
          null,
          null,
          1,
          2,
          null,
          null
        ]
      },
      "/home/ggstroligo/repos/personal/challenges/nuuvem/client/app/models/product.rb": {
        "lines": [
          1,
          1,
          null,
          1,
          1,
          null,
          1,
          null
        ]
      },
      "/home/ggstroligo/repos/personal/challenges/nuuvem/client/spec/models/sale_spec.rb": {
        "lines": [
          1,
          null,
          1,
          1,
          2,
          null,
          null
        ]
      },
      "/home/ggstroligo/repos/personal/challenges/nuuvem/client/app/models/sale.rb": {
        "lines": [
          1,
          1,
          null
        ]
      },
      "/home/ggstroligo/repos/personal/challenges/nuuvem/client/spec/requests/sales_spec.rb": {
        "lines": [
          1,
          null,
          1,
          1,
          2,
          null,
          1,
          1,
          null,
          null,
          null,
          1,
          2,
          null,
          1,
          1,
          null,
          null,
          null,
          1,
          null,
          1,
          1,
          1,
          1,
          1,
          1,
          1,
          null,
          1,
          null,
          null,
          1,
          1,
          null,
          null,
          null,
          1,
          3,
          null,
          1,
          2,
          null,
          1,
          1,
          1,
          null,
          null,
          null,
          1,
          2,
          null,
          1,
          1,
          1,
          null,
          null,
          null,
          null
        ]
      },
      "/home/ggstroligo/repos/personal/challenges/nuuvem/client/spec/use_case/sales_report/collect_spec.rb": {
        "lines": [
          1,
          null,
          1,
          5,
          null,
          1,
          1,
          2,
          null,
          1,
          1,
          1,
          1,
          1,
          null,
          null,
          null,
          1,
          1,
          2,
          null,
          1,
          1,
          1,
          null,
          null,
          null,
          1,
          2,
          null,
          1,
          1,
          1,
          null,
          null,
          null,
          1,
          2,
          null,
          1,
          1,
          1,
          null,
          null,
          null,
          null,
          null,
          null
        ]
      },
      "/home/ggstroligo/repos/personal/challenges/nuuvem/client/app/use_case/sales_report/collect.rb": {
        "lines": [
          1,
          1,
          1,
          null,
          1,
          null,
          null,
          null,
          null
        ]
      },
      "/home/ggstroligo/repos/personal/challenges/nuuvem/client/app/use_case/base.rb": {
        "lines": [
          1
        ]
      },
      "/home/ggstroligo/repos/personal/challenges/nuuvem/client/app/use_case/sales_report/step/parse_entry.rb": {
        "lines": [
          1,
          1,
          1,
          1,
          null,
          1,
          null,
          null,
          null,
          null,
          1,
          8,
          null,
          null,
          1,
          null,
          1,
          16,
          null,
          null,
          1,
          16,
          null,
          null,
          1,
          56,
          null,
          null,
          null,
          null
        ]
      },
      "/home/ggstroligo/repos/personal/challenges/nuuvem/client/app/use_case/sales_report/step/parse_entry/validate_headers.rb": {
        "lines": [
          1,
          1,
          1,
          1,
          1,
          null,
          1,
          null,
          null,
          null,
          null,
          null,
          null,
          null,
          null,
          1,
          10,
          null,
          6,
          null,
          null,
          1,
          14,
          null,
          null,
          1,
          10,
          60,
          null,
          null,
          null,
          1,
          10,
          61,
          null,
          null,
          null,
          null,
          null,
          null
        ]
      },
      "/home/ggstroligo/repos/personal/challenges/nuuvem/client/app/use_case/sales_report/step/parse_entry/validate_data.rb": {
        "lines": [
          1,
          1,
          1,
          1,
          1,
          null,
          null,
          1,
          null,
          null,
          null,
          1,
          null,
          1,
          9,
          null,
          9,
          null,
          4,
          null,
          null,
          1,
          null,
          1,
          9,
          null,
          9,
          9,
          9,
          null,
          null,
          1,
          9,
          10,
          1,
          null,
          null,
          null,
          null,
          1,
          9,
          10,
          20,
          20,
          20,
          null,
          20,
          null,
          null,
          null,
          null,
          1,
          null,
          11,
          null,
          null,
          null,
          null,
          null,
          null,
          null,
          null,
          null,
          null
        ]
      },
      "/home/ggstroligo/repos/personal/challenges/nuuvem/client/app/use_case/sales_report/step/parse_entry/normalize_data.rb": {
        "lines": [
          1,
          1,
          1,
          1,
          1,
          null,
          1,
          4,
          null,
          null,
          1,
          null,
          1,
          4,
          null,
          4,
          null,
          null,
          null,
          null,
          null,
          1,
          9,
          null,
          null,
          1,
          4,
          4,
          null,
          null,
          null,
          1,
          9,
          null,
          null,
          1,
          null,
          4,
          null,
          5,
          null,
          null,
          null,
          null,
          null,
          null,
          null
        ]
      },
      "/home/ggstroligo/repos/personal/challenges/nuuvem/client/app/use_case/sales_report/step/persist_sale_data.rb": {
        "lines": [
          1,
          1,
          1,
          1,
          null,
          1,
          3,
          3,
          null,
          null,
          1,
          null,
          1,
          3,
          3,
          null,
          null,
          null,
          1,
          3,
          3,
          null,
          null,
          null,
          1,
          3,
          3,
          3,
          3,
          null,
          null,
          null,
          null,
          1,
          3,
          3,
          3,
          3,
          3,
          null,
          null,
          null,
          null,
          1,
          3,
          3,
          null,
          null,
          1,
          3,
          null,
          null,
          null,
          null,
          null,
          null,
          null,
          null,
          null,
          null
        ]
      },
      "/home/ggstroligo/repos/personal/challenges/nuuvem/client/spec/use_case/sales_report/step/parse_entry/normalize_data_spec.rb": {
        "lines": [
          1,
          null,
          1,
          3,
          null,
          1,
          1,
          2,
          null,
          1,
          1,
          1,
          1,
          null,
          null,
          null,
          null,
          null,
          null,
          null,
          null,
          null,
          null,
          null,
          null,
          null,
          null,
          null,
          null,
          null,
          null,
          1,
          1,
          1,
          2,
          null,
          1,
          1,
          1,
          null,
          null,
          null,
          null,
          null
        ]
      },
      "/home/ggstroligo/repos/personal/challenges/nuuvem/client/spec/use_case/sales_report/step/parse_entry/validate_data_spec.rb": {
        "lines": [
          1,
          null,
          1,
          6,
          null,
          1,
          1,
          2,
          1,
          1,
          1,
          null,
          null,
          null,
          1,
          1,
          2,
          1,
          1,
          1,
          null,
          null,
          null,
          1,
          3,
          null,
          1,
          1,
          1,
          null,
          null,
          1,
          2,
          null,
          1,
          1,
          null,
          null,
          null,
          null,
          null,
          null,
          null,
          null,
          null,
          1,
          1,
          1,
          null,
          null,
          null,
          null,
          null,
          null,
          null,
          null,
          null,
          null,
          null,
          null,
          null,
          null,
          null,
          null,
          null,
          null,
          null,
          null,
          null
        ]
      },
      "/home/ggstroligo/repos/personal/challenges/nuuvem/client/spec/use_case/sales_report/step/parse_entry/validate_headers_spec.rb": {
        "lines": [
          1,
          null,
          1,
          4,
          null,
          1,
          1,
          2,
          null,
          1,
          1,
          1,
          null,
          null,
          null,
          1,
          1,
          2,
          null,
          1,
          1,
          1,
          null,
          null,
          null,
          1,
          2,
          null,
          1,
          1,
          1,
          null,
          null,
          null,
          null,
          null
        ]
      },
      "/home/ggstroligo/repos/personal/challenges/nuuvem/client/spec/use_case/sales_report/step/parse_entry_spec.rb": {
        "lines": [
          1,
          null,
          1,
          5,
          null,
          1,
          1,
          2,
          null,
          1,
          1,
          1,
          1,
          null,
          null,
          null,
          null,
          null,
          null,
          null,
          null,
          null,
          null,
          null,
          null,
          null,
          null,
          null,
          null,
          null,
          null,
          1,
          1,
          2,
          null,
          1,
          1,
          1,
          null,
          null,
          null,
          1,
          2,
          null,
          1,
          1,
          1,
          null,
          null,
          null,
          1,
          2,
          null,
          1,
          1,
          1,
          null,
          null,
          null,
          null,
          null
        ]
      },
      "/home/ggstroligo/repos/personal/challenges/nuuvem/client/spec/use_case/sales_report/step/persist_sale_data_spec.rb": {
        "lines": [
          1,
          null,
          1,
          3,
          null,
          1,
          1,
          1,
          1,
          null,
          null,
          1,
          null,
          null,
          null,
          null,
          null,
          null,
          null,
          null,
          null,
          null,
          null,
          null,
          null,
          null,
          null,
          1,
          1,
          1,
          1,
          null,
          null,
          null,
          null,
          1,
          1,
          2,
          null,
          1,
          1,
          1,
          null,
          null,
          null,
          null,
          null
        ]
      },
      "/home/ggstroligo/repos/personal/challenges/nuuvem/client/app/controllers/application_controller.rb": {
        "lines": [
          1,
          null
        ]
      },
      "/home/ggstroligo/repos/personal/challenges/nuuvem/client/app/controllers/sales_controller.rb": {
        "lines": [
          1,
          1,
          null,
          1,
          null,
          1,
          1,
          null,
          null,
          1,
          1,
          1,
          1,
          1,
          null,
          null,
          null,
          1,
          1,
          null,
          null,
          1,
          1,
          1,
          1,
          1,
          1,
          null,
          null,
          null,
          1,
          2,
          null,
          1,
          4,
          null,
          2,
          null,
          1,
          null,
          null,
          null,
          1,
          null,
          1,
          4,
          null,
          null
        ]
      },
      "/home/ggstroligo/repos/personal/challenges/nuuvem/client/app/services/presenters/sales/index.rb": {
        "lines": [
          1,
          1,
          1,
          null,
          1,
          null,
          1,
          null,
          null,
          null,
          null,
          1,
          1,
          null,
          null,
          null,
          null,
          null,
          null,
          null,
          null,
          1,
          null,
          1,
          1,
          null,
          null,
          1,
          1,
          null,
          0,
          null,
          null,
          null,
          null
        ]
      },
      "/home/ggstroligo/repos/personal/challenges/nuuvem/client/app/services/presenters/sales/index/query/total_income.rb": {
        "lines": [
          1,
          1,
          1,
          1,
          1,
          1,
          1,
          null,
          null,
          1,
          null,
          1,
          1,
          null,
          null,
          1,
          1,
          null,
          null,
          1,
          1,
          null,
          null,
          1,
          1,
          null,
          null,
          null,
          null,
          null,
          null
        ]
      },
      "/home/ggstroligo/repos/personal/challenges/nuuvem/client/app/services/presenters/sales/index/query/seller_ranking.rb": {
        "lines": [
          1,
          1,
          1,
          1,
          1,
          1,
          1,
          null,
          null,
          1,
          null,
          1,
          1,
          null,
          null,
          1,
          1,
          null,
          null,
          1,
          2,
          null,
          null,
          1,
          2,
          null,
          null,
          1,
          4,
          null,
          null,
          1,
          2,
          null,
          null,
          1,
          4,
          null,
          null,
          1,
          4,
          null,
          null,
          null,
          null,
          null,
          null,
          null
        ]
      },
      "/home/ggstroligo/repos/personal/challenges/nuuvem/client/app/services/presenters/sales/index/query/buyer_ranking.rb": {
        "lines": [
          1,
          1,
          1,
          1,
          1,
          1,
          1,
          null,
          null,
          1,
          null,
          1,
          1,
          null,
          null,
          1,
          1,
          null,
          null,
          1,
          2,
          null,
          null,
          1,
          2,
          null,
          null,
          null,
          null,
          null,
          1,
          2,
          null,
          null,
          1,
          2,
          null,
          null,
          1,
          2,
          null,
          null,
          1,
          2,
          null,
          null,
          null,
          null,
          null,
          null,
          null
        ]
      },
      "/home/ggstroligo/repos/personal/challenges/nuuvem/client/app/services/presenters/sales/show.rb": {
        "lines": [
          1,
          1,
          1,
          1,
          1,
          null,
          1,
          null,
          null,
          null,
          null,
          null,
          null,
          1,
          1,
          null,
          null,
          null,
          null,
          null,
          null,
          null,
          null,
          null,
          1,
          null,
          1,
          1,
          null,
          null,
          1,
          1,
          null,
          1,
          null,
          null,
          null,
          null
        ]
      },
      "/home/ggstroligo/repos/personal/challenges/nuuvem/client/app/services/presenters/sales/show/query/find_sale_and_orders.rb": {
        "lines": [
          1,
          1,
          1,
          1,
          1,
          1,
          null,
          1,
          1,
          null,
          1,
          null,
          null,
          1,
          null,
          1,
          3,
          null,
          null,
          null,
          null,
          null,
          null
        ]
      },
      "/home/ggstroligo/repos/personal/challenges/nuuvem/client/app/services/presenters/sales/show/query/sale_income.rb": {
        "lines": [
          1,
          1,
          1,
          1,
          1,
          1,
          null,
          1,
          1,
          null,
          null,
          1,
          null,
          1,
          1,
          null,
          null,
          null,
          null,
          null,
          null,
          1,
          1,
          null,
          null,
          1,
          1,
          null,
          null,
          1,
          1,
          null,
          null,
          1,
          1,
          null,
          null,
          null,
          null,
          null,
          null
        ]
      },
      "/home/ggstroligo/repos/personal/challenges/nuuvem/client/app/services/presenters/sales/show/query/product_ranking.rb": {
        "lines": [
          1,
          1,
          1,
          1,
          1,
          1,
          null,
          1,
          1,
          null,
          null,
          1,
          null,
          1,
          1,
          null,
          null,
          1,
          1,
          null,
          null,
          1,
          4,
          null,
          null,
          1,
          2,
          null,
          null,
          null,
          null,
          null,
          null,
          null,
          1,
          2,
          null,
          null,
          1,
          1,
          null,
          null,
          1,
          3,
          null,
          null,
          1,
          2,
          null,
          null,
          null,
          null,
          null,
          null
        ]
      },
      "/home/ggstroligo/repos/personal/challenges/nuuvem/client/app/services/presenters/sales/show/query/buyer_ranking.rb": {
        "lines": [
          1,
          1,
          1,
          1,
          1,
          1,
          null,
          1,
          1,
          null,
          null,
          1,
          null,
          1,
          1,
          null,
          null,
          1,
          1,
          null,
          null,
          1,
          4,
          null,
          null,
          1,
          2,
          null,
          null,
          null,
          null,
          null,
          null,
          1,
          1,
          null,
          null,
          1,
          1,
          null,
          null,
          1,
          1,
          null,
          null,
          1,
          1,
          null,
          null,
          1,
          1,
          null,
          null,
          null,
          null,
          null,
          null
        ]
      },
      "/home/ggstroligo/repos/personal/challenges/nuuvem/client/app/services/presenters/sales/show/build/serialized_orders.rb": {
        "lines": [
          1,
          1,
          1,
          1,
          1,
          1,
          null,
          1,
          1,
          null,
          null,
          1,
          null,
          1,
          1,
          1,
          null,
          null,
          null,
          1,
          null,
          1,
          null,
          null,
          null,
          null,
          null,
          1,
          2,
          null,
          null,
          null,
          null,
          null,
          null
        ]
      }
    },
    "timestamp": 1625347765
  }
}
